<?xml version="1.0" encoding="UTF-8"?>
<testng-results skipped="0" failed="1" ignored="0" total="1" passed="0">
  <reporter-output>
  </reporter-output>
  <suite name="Default suite" duration-ms="51117" started-at="2020-05-14T19:24:18 IST" finished-at="2020-05-14T19:25:09 IST">
    <groups>
    </groups>
    <test name="Default test" duration-ms="51117" started-at="2020-05-14T19:24:18 IST" finished-at="2020-05-14T19:25:09 IST">
      <class name="com.bridegalbz.bookswagon.test.BooksWagonTest">
        <test-method status="PASS" signature="setup()[pri:0, instance:com.bridegalbz.bookswagon.test.BooksWagonTest@2d2ffcb7]" name="setup" is-config="true" duration-ms="11968" started-at="2020-05-14T19:24:18 IST" finished-at="2020-05-14T19:24:30 IST">
          <reporter-output>
          </reporter-output>
        </test-method> <!-- setup -->
        <test-method status="FAIL" signature="whenSearchBookByAutherName_AfterPlacingAOrder_UserShouldGetTheBillingPage()[pri:0, instance:com.bridegalbz.bookswagon.test.BooksWagonTest@2d2ffcb7]" name="whenSearchBookByAutherName_AfterPlacingAOrder_UserShouldGetTheBillingPage" duration-ms="38699" started-at="2020-05-14T19:24:30 IST" finished-at="2020-05-14T19:25:09 IST">
          <exception class="org.openqa.selenium.NoSuchElementException">
            <message>
              <![CDATA[no such element: Unable to locate element: {"method":"css selector","selector":"#ctl00_cpBody_ddlNewCountry"}
  (Session info: chrome=80.0.3987.116)
For documentation on this error, please visit: http://seleniumhq.org/exceptions/no_such_element.html
Build info: version: '3.5.3', revision: 'a88d25fe6b', time: '2017-08-29T12:42:44.417Z'
System info: host: 'bridgelabz', ip: '192.168.43.50', os.name: 'Linux', os.arch: 'amd64', os.version: '4.15.0-1073-oem', java.version: '1.8.0_242'
Driver info: org.openqa.selenium.chrome.ChromeDriver
Capabilities [{networkConnectionEnabled=false, chrome={chromedriverVersion=80.0.3987.106 (f68069574609230cf9b635cd784cfb1bf81bb53a-refs/branch-heads/3987@{#882}), userDataDir=/tmp/.com.google.Chrome.TJk9wI}, timeouts={implicit=0, pageLoad=300000, script=30000}, pageLoadStrategy=normal, unhandledPromptBehavior=dismiss and notify, strictFileInteractability=false, platform=LINUX, proxy=Proxy(), goog:chromeOptions={debuggerAddress=localhost:38609}, acceptInsecureCerts=false, browserVersion=80.0.3987.116, browserName=chrome, javascriptEnabled=true, platformName=LINUX, setWindowRect=true}]
Session ID: 5c85ae5428d6b64198f18c2a17e6e8da
*** Element info: {Using=id, value=ctl00_cpBody_ddlNewCountry}]]>
            </message>
            <full-stacktrace>
              <![CDATA[org.openqa.selenium.NoSuchElementException: no such element: Unable to locate element: {"method":"css selector","selector":"#ctl00_cpBody_ddlNewCountry"}
  (Session info: chrome=80.0.3987.116)
For documentation on this error, please visit: http://seleniumhq.org/exceptions/no_such_element.html
Build info: version: '3.5.3', revision: 'a88d25fe6b', time: '2017-08-29T12:42:44.417Z'
System info: host: 'bridgelabz', ip: '192.168.43.50', os.name: 'Linux', os.arch: 'amd64', os.version: '4.15.0-1073-oem', java.version: '1.8.0_242'
Driver info: org.openqa.selenium.chrome.ChromeDriver
Capabilities [{networkConnectionEnabled=false, chrome={chromedriverVersion=80.0.3987.106 (f68069574609230cf9b635cd784cfb1bf81bb53a-refs/branch-heads/3987@{#882}), userDataDir=/tmp/.com.google.Chrome.TJk9wI}, timeouts={implicit=0, pageLoad=300000, script=30000}, pageLoadStrategy=normal, unhandledPromptBehavior=dismiss and notify, strictFileInteractability=false, platform=LINUX, proxy=Proxy(), goog:chromeOptions={debuggerAddress=localhost:38609}, acceptInsecureCerts=false, browserVersion=80.0.3987.116, browserName=chrome, javascriptEnabled=true, platformName=LINUX, setWindowRect=true}]
Session ID: 5c85ae5428d6b64198f18c2a17e6e8da
*** Element info: {Using=id, value=ctl00_cpBody_ddlNewCountry}
at sun.reflect.NativeConstructorAccessorImpl.newInstance0(Native Method)
at sun.reflect.NativeConstructorAccessorImpl.newInstance(NativeConstructorAccessorImpl.java:62)
at sun.reflect.DelegatingConstructorAccessorImpl.newInstance(DelegatingConstructorAccessorImpl.java:45)
at java.lang.reflect.Constructor.newInstance(Constructor.java:423)
at org.openqa.selenium.remote.http.W3CHttpResponseCodec.createException(W3CHttpResponseCodec.java:185)
at org.openqa.selenium.remote.http.W3CHttpResponseCodec.decode(W3CHttpResponseCodec.java:120)
at org.openqa.selenium.remote.http.W3CHttpResponseCodec.decode(W3CHttpResponseCodec.java:49)
at org.openqa.selenium.remote.HttpCommandExecutor.execute(HttpCommandExecutor.java:164)
at org.openqa.selenium.remote.service.DriverCommandExecutor.execute(DriverCommandExecutor.java:82)
at org.openqa.selenium.remote.RemoteWebDriver.execute(RemoteWebDriver.java:646)
at org.openqa.selenium.remote.RemoteWebDriver.findElement(RemoteWebDriver.java:416)
at org.openqa.selenium.remote.RemoteWebDriver.findElementById(RemoteWebDriver.java:462)
at org.openqa.selenium.By$ById.findElement(By.java:218)
at org.openqa.selenium.remote.RemoteWebDriver.findElement(RemoteWebDriver.java:408)
at org.openqa.selenium.support.pagefactory.DefaultElementLocator.findElement(DefaultElementLocator.java:69)
at org.openqa.selenium.support.pagefactory.internal.LocatingElementHandler.invoke(LocatingElementHandler.java:38)
at com.sun.proxy.$Proxy12.click(Unknown Source)
at com.bridegalbz.bookswagon.pages.CustomerShippingDetails.addingCustomerDetails(CustomerShippingDetails.java:26)
at com.bridegalbz.bookswagon.test.BooksWagonTest.whenSearchBookByAutherName_AfterPlacingAOrder_UserShouldGetTheBillingPage(BooksWagonTest.java:53)
at sun.reflect.NativeMethodAccessorImpl.invoke0(Native Method)
at sun.reflect.NativeMethodAccessorImpl.invoke(NativeMethodAccessorImpl.java:62)
at sun.reflect.DelegatingMethodAccessorImpl.invoke(DelegatingMethodAccessorImpl.java:43)
at java.lang.reflect.Method.invoke(Method.java:498)
at org.testng.internal.MethodInvocationHelper.invokeMethod(MethodInvocationHelper.java:133)
at org.testng.internal.TestInvoker.invokeMethod(TestInvoker.java:584)
at org.testng.internal.TestInvoker.invokeTestMethod(TestInvoker.java:172)
at org.testng.internal.MethodRunner.runInSequence(MethodRunner.java:46)
at org.testng.internal.TestInvoker$MethodInvocationAgent.invoke(TestInvoker.java:804)
at org.testng.internal.TestInvoker.invokeTestMethods(TestInvoker.java:145)
at org.testng.internal.TestMethodWorker.invokeTestMethods(TestMethodWorker.java:146)
at org.testng.internal.TestMethodWorker.run(TestMethodWorker.java:128)
at java.util.ArrayList.forEach(ArrayList.java:1257)
at org.testng.TestRunner.privateRun(TestRunner.java:770)
at org.testng.TestRunner.run(TestRunner.java:591)
at org.testng.SuiteRunner.runTest(SuiteRunner.java:402)
at org.testng.SuiteRunner.runSequentially(SuiteRunner.java:396)
at org.testng.SuiteRunner.privateRun(SuiteRunner.java:355)
at org.testng.SuiteRunner.run(SuiteRunner.java:304)
at org.testng.SuiteRunnerWorker.runSuite(SuiteRunnerWorker.java:53)
at org.testng.SuiteRunnerWorker.run(SuiteRunnerWorker.java:96)
at org.testng.TestNG.runSuitesSequentially(TestNG.java:1180)
at org.testng.TestNG.runSuitesLocally(TestNG.java:1102)
at org.testng.TestNG.runSuites(TestNG.java:1032)
at org.testng.TestNG.run(TestNG.java:1000)
at org.testng.remote.AbstractRemoteTestNG.run(AbstractRemoteTestNG.java:115)
at org.testng.remote.RemoteTestNG.initAndRun(RemoteTestNG.java:251)
at org.testng.remote.RemoteTestNG.main(RemoteTestNG.java:77)
]]>
            </full-stacktrace>
          </exception> <!-- org.openqa.selenium.NoSuchElementException -->
          <reporter-output>
          </reporter-output>
        </test-method> <!-- whenSearchBookByAutherName_AfterPlacingAOrder_UserShouldGetTheBillingPage -->
        <test-method status="PASS" signature="close()[pri:0, instance:com.bridegalbz.bookswagon.test.BooksWagonTest@2d2ffcb7]" name="close" is-config="true" duration-ms="175" started-at="2020-05-14T19:25:09 IST" finished-at="2020-05-14T19:25:09 IST">
          <reporter-output>
          </reporter-output>
        </test-method> <!-- close -->
      </class> <!-- com.bridegalbz.bookswagon.test.BooksWagonTest -->
    </test> <!-- Default test -->
  </suite> <!-- Default suite -->
</testng-results>
